{
  "stats": {
    "suites": 1,
    "tests": 2,
    "passes": 2,
    "pending": 0,
    "failures": 0,
    "start": "2023-11-24T10:03:41.277Z",
    "end": "2023-11-24T10:03:41.439Z",
    "duration": 162,
    "testsRegistered": 2,
    "passPercent": 100,
    "pendingPercent": 0,
    "other": 0,
    "hasOther": false,
    "skipped": 0,
    "hasSkipped": false
  },
  "results": [
    {
      "uuid": "9916e918-5ced-4ea0-96c1-3b14070030d6",
      "title": "",
      "fullFile": "cypress\\e2e\\MainSite.cy.js",
      "file": "cypress\\e2e\\MainSite.cy.js",
      "beforeHooks": [],
      "afterHooks": [],
      "tests": [],
      "suites": [
        {
          "uuid": "09e3f114-aab4-4fd0-9821-2eb91f590b54",
          "title": "Tests for Different Fixtures",
          "fullFile": "",
          "file": "",
          "beforeHooks": [],
          "afterHooks": [],
          "tests": [
            {
              "title": "Test for Fixture 1",
              "fullTitle": "Tests for Different Fixtures Test for Fixture 1",
              "timedOut": null,
              "duration": 29,
              "state": "passed",
              "speed": "fast",
              "pass": true,
              "fail": false,
              "pending": false,
              "context": null,
              "code": "// Access each set of parameters from the fixture\nconst {\n  phoneNumber,\n  pack,\n  packName,\n  password,\n  packResource,\n  dashboardName\n} = fixture;\n// Perform tests using the specific parameters from the fixture\nconsole.log(`Phone Number: ${phoneNumber}`);\nconsole.log(`Pack: ${pack}`);\nconsole.log(`Pack: ${packName}`);\nconsole.log(`Pack: ${password}`);\nconsole.log(`Pack: ${packResource}`);\nconsole.log(`Pack: ${dashboardName}`);\n// ...perform other assertions or Cypress operations with the fixture data",
              "err": {},
              "uuid": "42f7d56f-9030-419e-9c79-6758de325045",
              "parentUUID": "09e3f114-aab4-4fd0-9821-2eb91f590b54",
              "isHook": false,
              "skipped": false
            },
            {
              "title": "Test for Fixture 2",
              "fullTitle": "Tests for Different Fixtures Test for Fixture 2",
              "timedOut": null,
              "duration": 44,
              "state": "passed",
              "speed": "fast",
              "pass": true,
              "fail": false,
              "pending": false,
              "context": null,
              "code": "// Access each set of parameters from the fixture\nconst {\n  phoneNumber,\n  pack,\n  packName,\n  password,\n  packResource,\n  dashboardName\n} = fixture;\n// Perform tests using the specific parameters from the fixture\nconsole.log(`Phone Number: ${phoneNumber}`);\nconsole.log(`Pack: ${pack}`);\nconsole.log(`Pack: ${packName}`);\nconsole.log(`Pack: ${password}`);\nconsole.log(`Pack: ${packResource}`);\nconsole.log(`Pack: ${dashboardName}`);\n// ...perform other assertions or Cypress operations with the fixture data",
              "err": {},
              "uuid": "38c4da92-3cfe-44c0-b971-d9a8834efb1c",
              "parentUUID": "09e3f114-aab4-4fd0-9821-2eb91f590b54",
              "isHook": false,
              "skipped": false
            }
          ],
          "suites": [],
          "passes": [
            "42f7d56f-9030-419e-9c79-6758de325045",
            "38c4da92-3cfe-44c0-b971-d9a8834efb1c"
          ],
          "failures": [],
          "pending": [],
          "skipped": [],
          "duration": 73,
          "root": false,
          "rootEmpty": false,
          "_timeout": 2000
        }
      ],
      "passes": [],
      "failures": [],
      "pending": [],
      "skipped": [],
      "duration": 0,
      "root": true,
      "rootEmpty": true,
      "_timeout": 2000
    }
  ],
  "meta": {
    "mocha": {
      "version": "7.0.1"
    },
    "mochawesome": {
      "options": {
        "quiet": false,
        "reportFilename": "[name]-report",
        "saveHtml": true,
        "saveJson": true,
        "consoleReporter": "spec",
        "useInlineDiffs": false,
        "code": true
      },
      "version": "7.1.3"
    },
    "marge": {
      "options": {
        "reportDir": "cypress/reports/mochawesome",
        "reportFilename": "[name]-report",
        "overwrite": true,
        "html": true,
        "json": true,
        "inline": true,
        "charts": true
      },
      "version": "6.2.0"
    }
  }
}