{
  "stats": {
    "suites": 1,
    "tests": 2,
    "passes": 2,
    "pending": 0,
    "failures": 0,
    "start": "2023-11-22T10:40:08.812Z",
    "end": "2023-11-22T10:41:49.899Z",
    "duration": 101087,
    "testsRegistered": 2,
    "passPercent": 100,
    "pendingPercent": 0,
    "other": 0,
    "hasOther": false,
    "skipped": 0,
    "hasSkipped": false
  },
  "results": [
    {
      "uuid": "3a2a6949-1f66-42a5-8183-b75844d6948d",
      "title": "",
      "fullFile": "cypress\\e2e\\SanityTesting.cy.js",
      "file": "cypress\\e2e\\SanityTesting.cy.js",
      "beforeHooks": [],
      "afterHooks": [],
      "tests": [],
      "suites": [
        {
          "uuid": "5b9bb79c-6a14-4f44-b723-1a66a31f069d",
          "title": "low balance testing",
          "fullFile": "",
          "file": "",
          "beforeHooks": [],
          "afterHooks": [],
          "tests": [
            {
              "title": "checks if the balance is enough to buy the data pack",
              "fullTitle": "low balance testing checks if the balance is enough to buy the data pack",
              "timedOut": null,
              "duration": 30807,
              "state": "passed",
              "speed": "slow",
              "pass": true,
              "fail": false,
              "pending": false,
              "context": null,
              "code": "cy.exec('node \"C:/Users/abhinav/Desktop/automation tests/Mobile testing/Samsung.js\" balance', {\n  log: true\n}).then(({\n  stdout,\n  stderr\n}) => {\n  if (stdout) {\n    cy.log(`Standard output:\\n${stdout}`);\n  }\n  if (stderr) {\n    cy.log(`Error output:\\n${stderr}`);\n  }\n});\ncy.fixture(\"TestData.json\").then(testData => {\n  cy.readFile(\"C:/Users/abhinav/Desktop/automation tests/cypress test/resourceDetails/OTP.json\", \"utf8\").then(data => {\n    const parsedBalance = parseFloat(data.balance);\n    const packValueString = testData.pack;\n    const match = packValueString.match(/\\d+/);\n    const packValue = parseInt(match[0]);\n    console.log(parsedBalance, \"parsedbalance\");\n    console.log(match[0], \"packvalue\");\n    if (parsedBalance < match[0]) {\n      cy.log(\"Balance is insufficient to buy the data pack\");\n      expect(parsedBalance).to.be.lessThan(packValue);\n    } else if (parsedBalance >= match[0]) {\n      cy.log(\"Balance is sufficient to buy the data pack\");\n      expect(parsedBalance).to.be.gte(packValue);\n    } else {\n      throw new Error(\"Invalid balance value\");\n    }\n  });\n});",
              "err": {},
              "uuid": "818bfbff-93a6-45cd-bcc7-2e79f2a0501a",
              "parentUUID": "5b9bb79c-6a14-4f44-b723-1a66a31f069d",
              "isHook": false,
              "skipped": false
            },
            {
              "title": "buys the Rs 265 voice pack",
              "fullTitle": "low balance testing buys the Rs 265 voice pack",
              "timedOut": null,
              "duration": 67661,
              "state": "passed",
              "speed": "slow",
              "pass": true,
              "fail": false,
              "pending": false,
              "context": null,
              "code": "cy.fixture(\"TestData.json\").then(testData => {\n  cy.visit(\"https://www.ncell.axiata.com/en/individual/data-and-voice?packageCategories=data-packs\");\n  cy.contains(\"Load More\").click();\n  cy.wait(2000);\n  // cy.contains(testData.packName).click();\n  cy.contains(testData.pack).click();\n  cy.contains(\"Buy Now\").click();\n  cy.get('[name=\"phoneNumber\"]').type(testData.phoneNumber);\n  cy.contains(\"Continue\").click();\n  cy.exec('node \"C:/Users/abhinav/Desktop/automation tests/Mobile testing/Samsung.js\" otp BuyOTP', {\n    log: true\n  }).then(({\n    stdout,\n    stderr\n  }) => {\n    if (stdout) {\n      cy.log(`Standard output:\\n${stdout}`);\n    }\n    if (stderr) {\n      cy.log(`Error output:\\n${stderr}`);\n    }\n    cy.readFile(\"C:/Users/abhinav/Desktop/automation tests/cypress test/resourceDetails/OTP.json\", \"utf8\").then(otpObject => {\n      const otp = otpObject.BuyOTP;\n      cy.log(`Read OTP value: ${otp}`);\n      for (let i = 0; i < otp.length; i++) {\n        cy.get(`input[aria-label*=\"Character ${i + 1}\"]`).type(otp.charAt(i));\n      }\n    });\n    cy.contains(\"Continue\").click();\n    cy.contains(\"Insufficient Balance\").should(\"be.visible\");\n  });\n});",
              "err": {},
              "uuid": "cdaacc48-c2b1-41da-8bf2-5b74d640a929",
              "parentUUID": "5b9bb79c-6a14-4f44-b723-1a66a31f069d",
              "isHook": false,
              "skipped": false
            }
          ],
          "suites": [],
          "passes": [
            "818bfbff-93a6-45cd-bcc7-2e79f2a0501a",
            "cdaacc48-c2b1-41da-8bf2-5b74d640a929"
          ],
          "failures": [],
          "pending": [],
          "skipped": [],
          "duration": 98468,
          "root": false,
          "rootEmpty": false,
          "_timeout": 2000
        }
      ],
      "passes": [],
      "failures": [],
      "pending": [],
      "skipped": [],
      "duration": 0,
      "root": true,
      "rootEmpty": true,
      "_timeout": 2000
    }
  ],
  "meta": {
    "mocha": {
      "version": "7.0.1"
    },
    "mochawesome": {
      "options": {
        "quiet": false,
        "reportFilename": "mochawesome",
        "saveHtml": true,
        "saveJson": true,
        "consoleReporter": "spec",
        "useInlineDiffs": false,
        "code": true
      },
      "version": "7.1.3"
    },
    "marge": {
      "options": {
        "reportDir": "cypress/reports/mochawesome",
        "overwrite": true,
        "html": true,
        "json": true,
        "inline": true,
        "charts": true
      },
      "version": "6.2.0"
    }
  }
}